18:28:58 **** Incremental Build of configuration Debug for project STM32F769I-DISCO ****
make -j9 all 
arm-none-eabi-gcc "../Core/Src/main.c" -mcpu=cortex-m7 -std=gnu11 -g3 -DDEBUG -DUSE_HAL_DRIVER -DSTM32F769xx -c -I../X-CUBE-AI/App -I../X-CUBE-AI -I../X-CUBE-AI/Target -I../Core/Inc -I../Middlewares/ST/AI/Inc -I../Drivers/STM32F7xx_HAL_Driver/Inc -I../Drivers/BSP/STM32F769I-Discovery -I../Drivers/STM32F7xx_HAL_Driver/Inc/Legacy -I../Drivers/CMSIS/Device/ST/STM32F7xx/Include -I../Drivers/CMSIS/Include -Os -ffunction-sections -fdata-sections -Wall -fstack-usage -fcyclomatic-complexity -MMD -MP -MF"Core/Src/main.d" -MT"Core/Src/main.o" --specs=nano.specs -mfpu=fpv5-d16 -mfloat-abi=hard -mthumb -o "Core/Src/main.o"
../Core/Src/main.c: In function 'main':
../Core/Src/main.c:145:3: warning: implicit declaration of function 'sprintf' [-Wimplicit-function-declaration]
  145 |   sprintf(buffer, "   Network name: %s \n", report.model_name);
      |   ^~~~~~~
../Core/Src/main.c:26:1: note: include '<stdio.h>' or provide a declaration of 'sprintf'
   25 | #include "mnist_test_subset-100b.h"
  +++ |+#include <stdio.h>
   26 | /* USER CODE END Includes */
../Core/Src/main.c:145:3: warning: incompatible implicit declaration of built-in function 'sprintf' [-Wbuiltin-declaration-mismatch]
  145 |   sprintf(buffer, "   Network name: %s \n", report.model_name);
      |   ^~~~~~~
../Core/Src/main.c:145:3: note: include '<stdio.h>' or provide a declaration of 'sprintf'
../Core/Src/main.c: In function 'pa3_ai_network_init':
../Core/Src/main.c:763:32: warning: missing braces around initializer [-Wmissing-braces]
  763 |     ai_network_params params = {
      |                                ^
../Core/Src/main.c:770:18: warning: unused variable 'err' [-Wunused-variable]
  770 |         ai_error err = ai_network_get_error(network);
      |                  ^~~
../Core/Src/main.c: In function 'pa3_ai_network_inference':
../Core/Src/main.c:828:18: warning: unused variable 'err' [-Wunused-variable]
  828 |         ai_error err = ai_network_get_error(network);
      |                  ^~~
../Core/Src/main.c: In function 'pa3_run_model_on_test_dataset':
../Core/Src/main.c:842:9: warning: incompatible implicit declaration of built-in function 'sprintf' [-Wbuiltin-declaration-mismatch]
  842 |         sprintf(buffer, "   MNIST test dataset size: %d \n", MNIST_TEST_SUBSET_SIZE);
      |         ^~~~~~~
../Core/Src/main.c:842:9: note: include '<stdio.h>' or provide a declaration of 'sprintf'
../Core/Src/main.c:859:26: warning: 'return' with a value, in function returning void [-Wreturn-type]
  859 |                   return -1;
      |                          ^
../Core/Src/main.c:838:6: note: declared here
  838 | void pa3_run_model_on_test_dataset(void){
      |      ^~~~~~~~~~~~~~~~~~~~~~~~~~~~~
../Core/Src/main.c:863:20: warning: unused variable 'elapsed_time' [-Wunused-variable]
  863 |           uint32_t elapsed_time = stop - start; // Calculate elapsed time in µs
      |                    ^~~~~~~~~~~~
../Core/Src/main.c: In function 'UART_SendString':
../Core/Src/main.c:907:18: warning: implicit declaration of function 'strlen' [-Wimplicit-function-declaration]
  907 |     size_t len = strlen(str);
      |                  ^~~~~~
../Core/Src/main.c:26:1: note: include '<string.h>' or provide a declaration of 'strlen'
   25 | #include "mnist_test_subset-100b.h"
  +++ |+#include <string.h>
   26 | /* USER CODE END Includes */
../Core/Src/main.c:907:18: warning: incompatible implicit declaration of built-in function 'strlen' [-Wbuiltin-declaration-mismatch]
  907 |     size_t len = strlen(str);
      |                  ^~~~~~
../Core/Src/main.c:907:18: note: include '<string.h>' or provide a declaration of 'strlen'
arm-none-eabi-gcc -o "STM32F769I-DISCO.elf" @"objects.list"  -l:NetworkRuntime910_CM7_GCC.a -mcpu=cortex-m7 -T"/Users/patriciobulic/STM32CubeIDE/MNIST-784-128-64-10-H769I/STM32F769I-DISCO/STM32F769NIHX_FLASH.ld" --specs=nosys.specs -Wl,-Map="STM32F769I-DISCO.map" -Wl,--gc-sections -static -L../Middlewares/ST/AI/Lib -Wl,--wrap=malloc -Wl,--wrap=free -u _printf_float --specs=nano.specs -mfpu=fpv5-d16 -mfloat-abi=hard -mthumb -Wl,--start-group -lc -lm -Wl,--end-group
Finished building target: STM32F769I-DISCO.elf
 
arm-none-eabi-size  STM32F769I-DISCO.elf 
arm-none-eabi-objdump -h -S STM32F769I-DISCO.elf  > "STM32F769I-DISCO.list"
   text	   data	    bss	    dec	    hex	filename
 221412	   5812	   6160	 233384	  38fa8	STM32F769I-DISCO.elf
Finished building: default.size.stdout
 
Finished building: STM32F769I-DISCO.list
 
18:29:02 **** Incremental Build of configuration Debug for project STM32F769I-DISCO ****
make -j9 all 
arm-none-eabi-size  STM32F769I-DISCO.elf 
   text	   data	    bss	    dec	    hex	filename
 221412	   5812	   6160	 233384	  38fa8	STM32F769I-DISCO.elf
Finished building: default.size.stdout
 
18:32:33 **** Incremental Build of configuration Debug for project STM32F769I-DISCO ****
make -j9 all 
arm-none-eabi-gcc "../Core/Src/main.c" -mcpu=cortex-m7 -std=gnu11 -g3 -DDEBUG -DUSE_HAL_DRIVER -DSTM32F769xx -c -I../X-CUBE-AI/App -I../X-CUBE-AI -I../X-CUBE-AI/Target -I../Core/Inc -I../Middlewares/ST/AI/Inc -I../Drivers/STM32F7xx_HAL_Driver/Inc -I../Drivers/BSP/STM32F769I-Discovery -I../Drivers/STM32F7xx_HAL_Driver/Inc/Legacy -I../Drivers/CMSIS/Device/ST/STM32F7xx/Include -I../Drivers/CMSIS/Include -Os -ffunction-sections -fdata-sections -Wall -fstack-usage -fcyclomatic-complexity -MMD -MP -MF"Core/Src/main.d" -MT"Core/Src/main.o" --specs=nano.specs -mfpu=fpv5-d16 -mfloat-abi=hard -mthumb -o "Core/Src/main.o"
../Core/Src/main.c: In function 'main':
../Core/Src/main.c:145:3: warning: implicit declaration of function 'sprintf' [-Wimplicit-function-declaration]
  145 |   sprintf(buffer, "   Network name: %s \n", report.model_name);
      |   ^~~~~~~
../Core/Src/main.c:26:1: note: include '<stdio.h>' or provide a declaration of 'sprintf'
   25 | #include "mnist_test_subset-100b.h"
  +++ |+#include <stdio.h>
   26 | /* USER CODE END Includes */
../Core/Src/main.c:145:3: warning: incompatible implicit declaration of built-in function 'sprintf' [-Wbuiltin-declaration-mismatch]
  145 |   sprintf(buffer, "   Network name: %s \n", report.model_name);
      |   ^~~~~~~
../Core/Src/main.c:145:3: note: include '<stdio.h>' or provide a declaration of 'sprintf'
../Core/Src/main.c: In function 'pa3_ai_network_init':
../Core/Src/main.c:763:32: warning: missing braces around initializer [-Wmissing-braces]
  763 |     ai_network_params params = {
      |                                ^
../Core/Src/main.c:770:18: warning: unused variable 'err' [-Wunused-variable]
  770 |         ai_error err = ai_network_get_error(network);
      |                  ^~~
../Core/Src/main.c: In function 'pa3_ai_network_inference':
../Core/Src/main.c:828:18: warning: unused variable 'err' [-Wunused-variable]
  828 |         ai_error err = ai_network_get_error(network);
      |                  ^~~
../Core/Src/main.c: In function 'pa3_run_model_on_test_dataset':
../Core/Src/main.c:861:26: warning: 'return' with a value, in function returning void [-Wreturn-type]
  861 |                   return -1;
      |                          ^
../Core/Src/main.c:838:6: note: declared here
  838 | void pa3_run_model_on_test_dataset(void){
      |      ^~~~~~~~~~~~~~~~~~~~~~~~~~~~~
../Core/Src/main.c:865:20: warning: unused variable 'elapsed_time' [-Wunused-variable]
  865 |           uint32_t elapsed_time = stop - start; // Calculate elapsed time in µs
      |                    ^~~~~~~~~~~~
../Core/Src/main.c: In function 'UART_SendString':
../Core/Src/main.c:909:18: warning: implicit declaration of function 'strlen' [-Wimplicit-function-declaration]
  909 |     size_t len = strlen(str);
      |                  ^~~~~~
../Core/Src/main.c:26:1: note: include '<string.h>' or provide a declaration of 'strlen'
   25 | #include "mnist_test_subset-100b.h"
  +++ |+#include <string.h>
   26 | /* USER CODE END Includes */
../Core/Src/main.c:909:18: warning: incompatible implicit declaration of built-in function 'strlen' [-Wbuiltin-declaration-mismatch]
  909 |     size_t len = strlen(str);
      |                  ^~~~~~
../Core/Src/main.c:909:18: note: include '<string.h>' or provide a declaration of 'strlen'
arm-none-eabi-gcc -o "STM32F769I-DISCO.elf" @"objects.list"  -l:NetworkRuntime910_CM7_GCC.a -mcpu=cortex-m7 -T"/Users/patriciobulic/STM32CubeIDE/MNIST-784-128-64-10-H769I/STM32F769I-DISCO/STM32F769NIHX_FLASH.ld" --specs=nosys.specs -Wl,-Map="STM32F769I-DISCO.map" -Wl,--gc-sections -static -L../Middlewares/ST/AI/Lib -Wl,--wrap=malloc -Wl,--wrap=free -u _printf_float --specs=nano.specs -mfpu=fpv5-d16 -mfloat-abi=hard -mthumb -Wl,--start-group -lc -lm -Wl,--end-group
Finished building target: STM32F769I-DISCO.elf
 
arm-none-eabi-size  STM32F769I-DISCO.elf 
arm-none-eabi-objdump -h -S STM32F769I-DISCO.elf  > "STM32F769I-DISCO.list"
   text	   data	    bss	    dec	    hex	filename
 221308	   5812	   6160	 233280	  38f40	STM32F769I-DISCO.elf
Finished building: default.size.stdout
 
Finished building: STM32F769I-DISCO.list
 
18:33:40 **** Incremental Build of configuration Debug for project STM32F769I-DISCO ****
make -j9 all 
arm-none-eabi-gcc "../Core/Src/main.c" -mcpu=cortex-m7 -std=gnu11 -g3 -DDEBUG -DUSE_HAL_DRIVER -DSTM32F769xx -c -I../X-CUBE-AI/App -I../X-CUBE-AI -I../X-CUBE-AI/Target -I../Core/Inc -I../Middlewares/ST/AI/Inc -I../Drivers/STM32F7xx_HAL_Driver/Inc -I../Drivers/BSP/STM32F769I-Discovery -I../Drivers/STM32F7xx_HAL_Driver/Inc/Legacy -I../Drivers/CMSIS/Device/ST/STM32F7xx/Include -I../Drivers/CMSIS/Include -Os -ffunction-sections -fdata-sections -Wall -fstack-usage -fcyclomatic-complexity -MMD -MP -MF"Core/Src/main.d" -MT"Core/Src/main.o" --specs=nano.specs -mfpu=fpv5-d16 -mfloat-abi=hard -mthumb -o "Core/Src/main.o"
../Core/Src/main.c: In function 'main':
../Core/Src/main.c:145:3: warning: implicit declaration of function 'sprintf' [-Wimplicit-function-declaration]
  145 |   sprintf(buffer, "   Network name: %s \n", report.model_name);
      |   ^~~~~~~
../Core/Src/main.c:26:1: note: include '<stdio.h>' or provide a declaration of 'sprintf'
   25 | #include "mnist_test_subset-100b.h"
  +++ |+#include <stdio.h>
   26 | /* USER CODE END Includes */
../Core/Src/main.c:145:3: warning: incompatible implicit declaration of built-in function 'sprintf' [-Wbuiltin-declaration-mismatch]
  145 |   sprintf(buffer, "   Network name: %s \n", report.model_name);
      |   ^~~~~~~
../Core/Src/main.c:145:3: note: include '<stdio.h>' or provide a declaration of 'sprintf'
../Core/Src/main.c: In function 'pa3_ai_network_init':
../Core/Src/main.c:763:32: warning: missing braces around initializer [-Wmissing-braces]
  763 |     ai_network_params params = {
      |                                ^
../Core/Src/main.c:770:18: warning: unused variable 'err' [-Wunused-variable]
  770 |         ai_error err = ai_network_get_error(network);
      |                  ^~~
../Core/Src/main.c: In function 'pa3_ai_network_inference':
../Core/Src/main.c:828:18: warning: unused variable 'err' [-Wunused-variable]
  828 |         ai_error err = ai_network_get_error(network);
      |                  ^~~
../Core/Src/main.c: In function 'pa3_run_model_on_test_dataset':
../Core/Src/main.c:861:26: warning: 'return' with a value, in function returning void [-Wreturn-type]
  861 |                   return -1;
      |                          ^
../Core/Src/main.c:838:6: note: declared here
  838 | void pa3_run_model_on_test_dataset(void){
      |      ^~~~~~~~~~~~~~~~~~~~~~~~~~~~~
../Core/Src/main.c:865:20: warning: unused variable 'elapsed_time' [-Wunused-variable]
  865 |           uint32_t elapsed_time = stop - start; // Calculate elapsed time in µs
      |                    ^~~~~~~~~~~~
../Core/Src/main.c: In function 'UART_SendString':
../Core/Src/main.c:909:18: warning: implicit declaration of function 'strlen' [-Wimplicit-function-declaration]
  909 |     size_t len = strlen(str);
      |                  ^~~~~~
../Core/Src/main.c:26:1: note: include '<string.h>' or provide a declaration of 'strlen'
   25 | #include "mnist_test_subset-100b.h"
  +++ |+#include <string.h>
   26 | /* USER CODE END Includes */
../Core/Src/main.c:909:18: warning: incompatible implicit declaration of built-in function 'strlen' [-Wbuiltin-declaration-mismatch]
  909 |     size_t len = strlen(str);
      |                  ^~~~~~
../Core/Src/main.c:909:18: note: include '<string.h>' or provide a declaration of 'strlen'
arm-none-eabi-gcc -o "STM32F769I-DISCO.elf" @"objects.list"  -l:NetworkRuntime910_CM7_GCC.a -mcpu=cortex-m7 -T"/Users/patriciobulic/STM32CubeIDE/MNIST-784-128-64-10-H769I/STM32F769I-DISCO/STM32F769NIHX_FLASH.ld" --specs=nosys.specs -Wl,-Map="STM32F769I-DISCO.map" -Wl,--gc-sections -static -L../Middlewares/ST/AI/Lib -Wl,--wrap=malloc -Wl,--wrap=free -u _printf_float --specs=nano.specs -mfpu=fpv5-d16 -mfloat-abi=hard -mthumb -Wl,--start-group -lc -lm -Wl,--end-group
Finished building target: STM32F769I-DISCO.elf
 
arm-none-eabi-size  STM32F769I-DISCO.elf 
arm-none-eabi-objdump -h -S STM32F769I-DISCO.elf  > "STM32F769I-DISCO.list"
   text	   data	    bss	    dec	    hex	filename
 221308	   5812	   6160	 233280	  38f40	STM32F769I-DISCO.elf
Finished building: default.size.stdout
 
Finished building: STM32F769I-DISCO.list
 
18:37:14 **** Incremental Build of configuration Debug for project STM32F769I-DISCO ****
make -j9 all 
arm-none-eabi-gcc "../Core/Src/main.c" -mcpu=cortex-m7 -std=gnu11 -g3 -DDEBUG -DUSE_HAL_DRIVER -DSTM32F769xx -c -I../X-CUBE-AI/App -I../X-CUBE-AI -I../X-CUBE-AI/Target -I../Core/Inc -I../Middlewares/ST/AI/Inc -I../Drivers/STM32F7xx_HAL_Driver/Inc -I../Drivers/BSP/STM32F769I-Discovery -I../Drivers/STM32F7xx_HAL_Driver/Inc/Legacy -I../Drivers/CMSIS/Device/ST/STM32F7xx/Include -I../Drivers/CMSIS/Include -Os -ffunction-sections -fdata-sections -Wall -fstack-usage -fcyclomatic-complexity -MMD -MP -MF"Core/Src/main.d" -MT"Core/Src/main.o" --specs=nano.specs -mfpu=fpv5-d16 -mfloat-abi=hard -mthumb -o "Core/Src/main.o"
../Core/Src/main.c: In function 'main':
../Core/Src/main.c:145:3: warning: implicit declaration of function 'sprintf' [-Wimplicit-function-declaration]
  145 |   sprintf(buffer, "   Network name: %s \n", report.model_name);
      |   ^~~~~~~
../Core/Src/main.c:26:1: note: include '<stdio.h>' or provide a declaration of 'sprintf'
   25 | #include "mnist_test_subset-100b.h"
  +++ |+#include <stdio.h>
   26 | /* USER CODE END Includes */
../Core/Src/main.c:145:3: warning: incompatible implicit declaration of built-in function 'sprintf' [-Wbuiltin-declaration-mismatch]
  145 |   sprintf(buffer, "   Network name: %s \n", report.model_name);
      |   ^~~~~~~
../Core/Src/main.c:145:3: note: include '<stdio.h>' or provide a declaration of 'sprintf'
../Core/Src/main.c: In function 'pa3_ai_network_init':
../Core/Src/main.c:763:32: warning: missing braces around initializer [-Wmissing-braces]
  763 |     ai_network_params params = {
      |                                ^
../Core/Src/main.c:770:18: warning: unused variable 'err' [-Wunused-variable]
  770 |         ai_error err = ai_network_get_error(network);
      |                  ^~~
../Core/Src/main.c: In function 'pa3_ai_network_inference':
../Core/Src/main.c:828:18: warning: unused variable 'err' [-Wunused-variable]
  828 |         ai_error err = ai_network_get_error(network);
      |                  ^~~
../Core/Src/main.c: In function 'pa3_run_model_on_test_dataset':
../Core/Src/main.c:861:26: warning: 'return' with a value, in function returning void [-Wreturn-type]
  861 |                   return -1;
      |                          ^
../Core/Src/main.c:838:6: note: declared here
  838 | void pa3_run_model_on_test_dataset(void){
      |      ^~~~~~~~~~~~~~~~~~~~~~~~~~~~~
../Core/Src/main.c:865:20: warning: unused variable 'elapsed_time' [-Wunused-variable]
  865 |           uint32_t elapsed_time = stop - start; // Calculate elapsed time in µs
      |                    ^~~~~~~~~~~~
../Core/Src/main.c: In function 'UART_SendString':
../Core/Src/main.c:909:18: warning: implicit declaration of function 'strlen' [-Wimplicit-function-declaration]
  909 |     size_t len = strlen(str);
      |                  ^~~~~~
../Core/Src/main.c:26:1: note: include '<string.h>' or provide a declaration of 'strlen'
   25 | #include "mnist_test_subset-100b.h"
  +++ |+#include <string.h>
   26 | /* USER CODE END Includes */
../Core/Src/main.c:909:18: warning: incompatible implicit declaration of built-in function 'strlen' [-Wbuiltin-declaration-mismatch]
  909 |     size_t len = strlen(str);
      |                  ^~~~~~
../Core/Src/main.c:909:18: note: include '<string.h>' or provide a declaration of 'strlen'
arm-none-eabi-gcc -o "STM32F769I-DISCO.elf" @"objects.list"  -l:NetworkRuntime910_CM7_GCC.a -mcpu=cortex-m7 -T"/Users/patriciobulic/STM32CubeIDE/MNIST-784-128-64-10-H769I/STM32F769I-DISCO/STM32F769NIHX_FLASH.ld" --specs=nosys.specs -Wl,-Map="STM32F769I-DISCO.map" -Wl,--gc-sections -static -L../Middlewares/ST/AI/Lib -Wl,--wrap=malloc -Wl,--wrap=free -u _printf_float --specs=nano.specs -mfpu=fpv5-d16 -mfloat-abi=hard -mthumb -Wl,--start-group -lc -lm -Wl,--end-group
Finished building target: STM32F769I-DISCO.elf
 
arm-none-eabi-size  STM32F769I-DISCO.elf 
arm-none-eabi-objdump -h -S STM32F769I-DISCO.elf  > "STM32F769I-DISCO.list"
   text	   data	    bss	    dec	    hex	filename
 221308	   5812	   6160	 233280	  38f40	STM32F769I-DISCO.elf
Finished building: default.size.stdout
 
Finished building: STM32F769I-DISCO.list
 
18:42:13 **** Incremental Build of configuration Debug for project STM32F769I-DISCO ****
make -j9 all 
arm-none-eabi-size  STM32F769I-DISCO.elf 
   text	   data	    bss	    dec	    hex	filename
 221308	   5812	   6160	 233280	  38f40	STM32F769I-DISCO.elf
Finished building: default.size.stdout
 
18:42:30 **** Incremental Build of configuration Debug for project STM32F769I-DISCO ****
make -j9 all 
arm-none-eabi-size  STM32F769I-DISCO.elf 
   text	   data	    bss	    dec	    hex	filename
 221308	   5812	   6160	 233280	  38f40	STM32F769I-DISCO.elf
Finished building: default.size.stdout
 
18:43:13 **** Incremental Build of configuration Debug for project STM32F769I-DISCO ****
make -j9 all 
arm-none-eabi-gcc "../Core/Src/main.c" -mcpu=cortex-m7 -std=gnu11 -g3 -DDEBUG -DUSE_HAL_DRIVER -DSTM32F769xx -c -I../X-CUBE-AI/App -I../X-CUBE-AI -I../X-CUBE-AI/Target -I../Core/Inc -I../Middlewares/ST/AI/Inc -I../Drivers/STM32F7xx_HAL_Driver/Inc -I../Drivers/BSP/STM32F769I-Discovery -I../Drivers/STM32F7xx_HAL_Driver/Inc/Legacy -I../Drivers/CMSIS/Device/ST/STM32F7xx/Include -I../Drivers/CMSIS/Include -Os -ffunction-sections -fdata-sections -Wall -fstack-usage -fcyclomatic-complexity -MMD -MP -MF"Core/Src/main.d" -MT"Core/Src/main.o" --specs=nano.specs -mfpu=fpv5-d16 -mfloat-abi=hard -mthumb -o "Core/Src/main.o"
../Core/Src/main.c: In function 'main':
../Core/Src/main.c:145:3: warning: implicit declaration of function 'sprintf' [-Wimplicit-function-declaration]
  145 |   sprintf(buffer, "   Network name: %s \n", report.model_name);
      |   ^~~~~~~
../Core/Src/main.c:26:1: note: include '<stdio.h>' or provide a declaration of 'sprintf'
   25 | #include "mnist_test_subset-100b.h"
  +++ |+#include <stdio.h>
   26 | /* USER CODE END Includes */
../Core/Src/main.c:145:3: warning: incompatible implicit declaration of built-in function 'sprintf' [-Wbuiltin-declaration-mismatch]
  145 |   sprintf(buffer, "   Network name: %s \n", report.model_name);
      |   ^~~~~~~
../Core/Src/main.c:145:3: note: include '<stdio.h>' or provide a declaration of 'sprintf'
../Core/Src/main.c: In function 'pa3_ai_network_init':
../Core/Src/main.c:763:32: warning: missing braces around initializer [-Wmissing-braces]
  763 |     ai_network_params params = {
      |                                ^
../Core/Src/main.c:770:18: warning: unused variable 'err' [-Wunused-variable]
  770 |         ai_error err = ai_network_get_error(network);
      |                  ^~~
../Core/Src/main.c: In function 'pa3_ai_network_inference':
../Core/Src/main.c:828:18: warning: unused variable 'err' [-Wunused-variable]
  828 |         ai_error err = ai_network_get_error(network);
      |                  ^~~
../Core/Src/main.c: In function 'pa3_run_model_on_test_dataset':
../Core/Src/main.c:861:26: warning: 'return' with a value, in function returning void [-Wreturn-type]
  861 |                   return -1;
      |                          ^
../Core/Src/main.c:838:6: note: declared here
  838 | void pa3_run_model_on_test_dataset(void){
      |      ^~~~~~~~~~~~~~~~~~~~~~~~~~~~~
../Core/Src/main.c:865:20: warning: unused variable 'elapsed_time' [-Wunused-variable]
  865 |           uint32_t elapsed_time = stop - start; // Calculate elapsed time in µs
      |                    ^~~~~~~~~~~~
../Core/Src/main.c: In function 'UART_SendString':
../Core/Src/main.c:909:18: warning: implicit declaration of function 'strlen' [-Wimplicit-function-declaration]
  909 |     size_t len = strlen(str);
      |                  ^~~~~~
../Core/Src/main.c:26:1: note: include '<string.h>' or provide a declaration of 'strlen'
   25 | #include "mnist_test_subset-100b.h"
  +++ |+#include <string.h>
   26 | /* USER CODE END Includes */
../Core/Src/main.c:909:18: warning: incompatible implicit declaration of built-in function 'strlen' [-Wbuiltin-declaration-mismatch]
  909 |     size_t len = strlen(str);
      |                  ^~~~~~
../Core/Src/main.c:909:18: note: include '<string.h>' or provide a declaration of 'strlen'
arm-none-eabi-gcc -o "STM32F769I-DISCO.elf" @"objects.list"  -l:NetworkRuntime910_CM7_GCC.a -mcpu=cortex-m7 -T"/Users/patriciobulic/STM32CubeIDE/MNIST-784-128-64-10-H769I/STM32F769I-DISCO/STM32F769NIHX_FLASH.ld" --specs=nosys.specs -Wl,-Map="STM32F769I-DISCO.map" -Wl,--gc-sections -static -L../Middlewares/ST/AI/Lib -Wl,--wrap=malloc -Wl,--wrap=free -u _printf_float --specs=nano.specs -mfpu=fpv5-d16 -mfloat-abi=hard -mthumb -Wl,--start-group -lc -lm -Wl,--end-group
Finished building target: STM32F769I-DISCO.elf
 
arm-none-eabi-size  STM32F769I-DISCO.elf 
arm-none-eabi-objdump -h -S STM32F769I-DISCO.elf  > "STM32F769I-DISCO.list"
   text	   data	    bss	    dec	    hex	filename
 221308	   5812	   6160	 233280	  38f40	STM32F769I-DISCO.elf
Finished building: default.size.stdout
 
Finished building: STM32F769I-DISCO.list
 
18:44:55 **** Incremental Build of configuration Debug for project STM32F769I-DISCO ****
make -j9 all 
arm-none-eabi-size  STM32F769I-DISCO.elf 
   text	   data	    bss	    dec	    hex	filename
 221308	   5812	   6160	 233280	  38f40	STM32F769I-DISCO.elf
Finished building: default.size.stdout
 
18:46:14 **** Incremental Build of configuration Debug for project STM32F769I-DISCO ****
make -j9 all 
arm-none-eabi-gcc "../Core/Src/main.c" -mcpu=cortex-m7 -std=gnu11 -g3 -DDEBUG -DUSE_HAL_DRIVER -DSTM32F769xx -c -I../X-CUBE-AI/App -I../X-CUBE-AI -I../X-CUBE-AI/Target -I../Core/Inc -I../Middlewares/ST/AI/Inc -I../Drivers/STM32F7xx_HAL_Driver/Inc -I../Drivers/BSP/STM32F769I-Discovery -I../Drivers/STM32F7xx_HAL_Driver/Inc/Legacy -I../Drivers/CMSIS/Device/ST/STM32F7xx/Include -I../Drivers/CMSIS/Include -Os -ffunction-sections -fdata-sections -Wall -fstack-usage -fcyclomatic-complexity -MMD -MP -MF"Core/Src/main.d" -MT"Core/Src/main.o" --specs=nano.specs -mfpu=fpv5-d16 -mfloat-abi=hard -mthumb -o "Core/Src/main.o"
../Core/Src/main.c: In function 'main':
../Core/Src/main.c:145:3: warning: implicit declaration of function 'sprintf' [-Wimplicit-function-declaration]
  145 |   sprintf(buffer, "   Network name: %s \n", report.model_name);
      |   ^~~~~~~
../Core/Src/main.c:26:1: note: include '<stdio.h>' or provide a declaration of 'sprintf'
   25 | #include "mnist_test_subset-100b.h"
  +++ |+#include <stdio.h>
   26 | /* USER CODE END Includes */
../Core/Src/main.c:145:3: warning: incompatible implicit declaration of built-in function 'sprintf' [-Wbuiltin-declaration-mismatch]
  145 |   sprintf(buffer, "   Network name: %s \n", report.model_name);
      |   ^~~~~~~
../Core/Src/main.c:145:3: note: include '<stdio.h>' or provide a declaration of 'sprintf'
../Core/Src/main.c: In function 'pa3_ai_network_init':
../Core/Src/main.c:763:32: warning: missing braces around initializer [-Wmissing-braces]
  763 |     ai_network_params params = {
      |                                ^
../Core/Src/main.c:770:18: warning: unused variable 'err' [-Wunused-variable]
  770 |         ai_error err = ai_network_get_error(network);
      |                  ^~~
../Core/Src/main.c: In function 'pa3_ai_network_inference':
../Core/Src/main.c:828:18: warning: unused variable 'err' [-Wunused-variable]
  828 |         ai_error err = ai_network_get_error(network);
      |                  ^~~
../Core/Src/main.c: In function 'pa3_run_model_on_test_dataset':
../Core/Src/main.c:843:9: warning: incompatible implicit declaration of built-in function 'sprintf' [-Wbuiltin-declaration-mismatch]
  843 |         sprintf(buffer, "   MNIST test dataset size: %d \n", MNIST_TEST_SUBSET_SIZE);
      |         ^~~~~~~
../Core/Src/main.c:843:9: note: include '<stdio.h>' or provide a declaration of 'sprintf'
../Core/Src/main.c:861:26: warning: 'return' with a value, in function returning void [-Wreturn-type]
  861 |                   return -1;
      |                          ^
../Core/Src/main.c:838:6: note: declared here
  838 | void pa3_run_model_on_test_dataset(void){
      |      ^~~~~~~~~~~~~~~~~~~~~~~~~~~~~
../Core/Src/main.c:867:48: warning: format '%d' expects argument of type 'int', but argument 3 has type 'uint32_t' {aka 'long unsigned int'} [-Wformat=]
  867 |           sprintf(buffer, "   Inference time: %d \n", elapsed_time);
      |                                               ~^      ~~~~~~~~~~~~
      |                                                |      |
      |                                                int    uint32_t {aka long unsigned int}
      |                                               %ld
../Core/Src/main.c: In function 'UART_SendString':
../Core/Src/main.c:909:18: warning: implicit declaration of function 'strlen' [-Wimplicit-function-declaration]
  909 |     size_t len = strlen(str);
      |                  ^~~~~~
../Core/Src/main.c:26:1: note: include '<string.h>' or provide a declaration of 'strlen'
   25 | #include "mnist_test_subset-100b.h"
  +++ |+#include <string.h>
   26 | /* USER CODE END Includes */
../Core/Src/main.c:909:18: warning: incompatible implicit declaration of built-in function 'strlen' [-Wbuiltin-declaration-mismatch]
  909 |     size_t len = strlen(str);
      |                  ^~~~~~
../Core/Src/main.c:909:18: note: include '<string.h>' or provide a declaration of 'strlen'
arm-none-eabi-gcc -o "STM32F769I-DISCO.elf" @"objects.list"  -l:NetworkRuntime910_CM7_GCC.a -mcpu=cortex-m7 -T"/Users/patriciobulic/STM32CubeIDE/MNIST-784-128-64-10-H769I/STM32F769I-DISCO/STM32F769NIHX_FLASH.ld" --specs=nosys.specs -Wl,-Map="STM32F769I-DISCO.map" -Wl,--gc-sections -static -L../Middlewares/ST/AI/Lib -Wl,--wrap=malloc -Wl,--wrap=free -u _printf_float --specs=nano.specs -mfpu=fpv5-d16 -mfloat-abi=hard -mthumb -Wl,--start-group -lc -lm -Wl,--end-group
Finished building target: STM32F769I-DISCO.elf
 
arm-none-eabi-size  STM32F769I-DISCO.elf 
arm-none-eabi-objdump -h -S STM32F769I-DISCO.elf  > "STM32F769I-DISCO.list"
   text	   data	    bss	    dec	    hex	filename
 221612	   5812	   6160	 233584	  39070	STM32F769I-DISCO.elf
Finished building: default.size.stdout
 
Finished building: STM32F769I-DISCO.list
 
18:49:01 **** Incremental Build of configuration Debug for project STM32F769I-DISCO ****
make -j9 all 
arm-none-eabi-gcc "../Core/Src/main.c" -mcpu=cortex-m7 -std=gnu11 -g3 -DDEBUG -DUSE_HAL_DRIVER -DSTM32F769xx -c -I../X-CUBE-AI/App -I../X-CUBE-AI -I../X-CUBE-AI/Target -I../Core/Inc -I../Middlewares/ST/AI/Inc -I../Drivers/STM32F7xx_HAL_Driver/Inc -I../Drivers/BSP/STM32F769I-Discovery -I../Drivers/STM32F7xx_HAL_Driver/Inc/Legacy -I../Drivers/CMSIS/Device/ST/STM32F7xx/Include -I../Drivers/CMSIS/Include -Os -ffunction-sections -fdata-sections -Wall -fstack-usage -fcyclomatic-complexity -MMD -MP -MF"Core/Src/main.d" -MT"Core/Src/main.o" --specs=nano.specs -mfpu=fpv5-d16 -mfloat-abi=hard -mthumb -o "Core/Src/main.o"
../Core/Src/main.c: In function 'main':
../Core/Src/main.c:148:3: warning: implicit declaration of function 'sprintf' [-Wimplicit-function-declaration]
  148 |   sprintf(buffer, "   Network name: %s \n", report.model_name);
      |   ^~~~~~~
../Core/Src/main.c:26:1: note: include '<stdio.h>' or provide a declaration of 'sprintf'
   25 | #include "mnist_test_subset-100b.h"
  +++ |+#include <stdio.h>
   26 | /* USER CODE END Includes */
../Core/Src/main.c:148:3: warning: incompatible implicit declaration of built-in function 'sprintf' [-Wbuiltin-declaration-mismatch]
  148 |   sprintf(buffer, "   Network name: %s \n", report.model_name);
      |   ^~~~~~~
../Core/Src/main.c:148:3: note: include '<stdio.h>' or provide a declaration of 'sprintf'
../Core/Src/main.c: In function 'pa3_ai_network_init':
../Core/Src/main.c:766:32: warning: missing braces around initializer [-Wmissing-braces]
  766 |     ai_network_params params = {
      |                                ^
../Core/Src/main.c:773:18: warning: unused variable 'err' [-Wunused-variable]
  773 |         ai_error err = ai_network_get_error(network);
      |                  ^~~
../Core/Src/main.c: In function 'pa3_ai_network_inference':
../Core/Src/main.c:831:18: warning: unused variable 'err' [-Wunused-variable]
  831 |         ai_error err = ai_network_get_error(network);
      |                  ^~~
../Core/Src/main.c: In function 'pa3_run_model_on_test_dataset':
../Core/Src/main.c:846:9: warning: incompatible implicit declaration of built-in function 'sprintf' [-Wbuiltin-declaration-mismatch]
  846 |         sprintf(buffer, "   MNIST test dataset size: %d \n", MNIST_TEST_SUBSET_SIZE);
      |         ^~~~~~~
../Core/Src/main.c:846:9: note: include '<stdio.h>' or provide a declaration of 'sprintf'
../Core/Src/main.c:864:26: warning: 'return' with a value, in function returning void [-Wreturn-type]
  864 |                   return -1;
      |                          ^
../Core/Src/main.c:841:6: note: declared here
  841 | void pa3_run_model_on_test_dataset(void){
      |      ^~~~~~~~~~~~~~~~~~~~~~~~~~~~~
../Core/Src/main.c:870:48: warning: format '%d' expects argument of type 'int', but argument 3 has type 'uint32_t' {aka 'long unsigned int'} [-Wformat=]
  870 |           sprintf(buffer, "   Inference time: %d \n", elapsed_time);
      |                                               ~^      ~~~~~~~~~~~~
      |                                                |      |
      |                                                int    uint32_t {aka long unsigned int}
      |                                               %ld
../Core/Src/main.c: In function 'UART_SendString':
../Core/Src/main.c:912:18: warning: implicit declaration of function 'strlen' [-Wimplicit-function-declaration]
  912 |     size_t len = strlen(str);
      |                  ^~~~~~
../Core/Src/main.c:26:1: note: include '<string.h>' or provide a declaration of 'strlen'
   25 | #include "mnist_test_subset-100b.h"
  +++ |+#include <string.h>
   26 | /* USER CODE END Includes */
../Core/Src/main.c:912:18: warning: incompatible implicit declaration of built-in function 'strlen' [-Wbuiltin-declaration-mismatch]
  912 |     size_t len = strlen(str);
      |                  ^~~~~~
../Core/Src/main.c:912:18: note: include '<string.h>' or provide a declaration of 'strlen'
arm-none-eabi-gcc -o "STM32F769I-DISCO.elf" @"objects.list"  -l:NetworkRuntime910_CM7_GCC.a -mcpu=cortex-m7 -T"/Users/patriciobulic/STM32CubeIDE/MNIST-784-128-64-10-H769I/STM32F769I-DISCO/STM32F769NIHX_FLASH.ld" --specs=nosys.specs -Wl,-Map="STM32F769I-DISCO.map" -Wl,--gc-sections -static -L../Middlewares/ST/AI/Lib -Wl,--wrap=malloc -Wl,--wrap=free -u _printf_float --specs=nano.specs -mfpu=fpv5-d16 -mfloat-abi=hard -mthumb -Wl,--start-group -lc -lm -Wl,--end-group
Finished building target: STM32F769I-DISCO.elf
 
arm-none-eabi-size  STM32F769I-DISCO.elf 
arm-none-eabi-objdump -h -S STM32F769I-DISCO.elf  > "STM32F769I-DISCO.list"
   text	   data	    bss	    dec	    hex	filename
 221652	   5812	   6168	 233632	  390a0	STM32F769I-DISCO.elf
Finished building: default.size.stdout
 
Finished building: STM32F769I-DISCO.list
 
18:57:27 **** Incremental Build of configuration Debug for project STM32F769I-DISCO ****
make -j9 all 
arm-none-eabi-gcc "../Core/Src/main.c" -mcpu=cortex-m7 -std=gnu11 -g3 -DDEBUG -DUSE_HAL_DRIVER -DSTM32F769xx -c -I../X-CUBE-AI/App -I../X-CUBE-AI -I../X-CUBE-AI/Target -I../Core/Inc -I../Middlewares/ST/AI/Inc -I../Drivers/STM32F7xx_HAL_Driver/Inc -I../Drivers/BSP/STM32F769I-Discovery -I../Drivers/STM32F7xx_HAL_Driver/Inc/Legacy -I../Drivers/CMSIS/Device/ST/STM32F7xx/Include -I../Drivers/CMSIS/Include -Os -ffunction-sections -fdata-sections -Wall -fstack-usage -fcyclomatic-complexity -MMD -MP -MF"Core/Src/main.d" -MT"Core/Src/main.o" --specs=nano.specs -mfpu=fpv5-d16 -mfloat-abi=hard -mthumb -o "Core/Src/main.o"
../Core/Src/main.c: In function 'main':
../Core/Src/main.c:148:3: warning: implicit declaration of function 'sprintf' [-Wimplicit-function-declaration]
  148 |   sprintf(buffer, "   Network name: %s \n", report.model_name);
      |   ^~~~~~~
../Core/Src/main.c:26:1: note: include '<stdio.h>' or provide a declaration of 'sprintf'
   25 | #include "mnist_test_subset-100b.h"
  +++ |+#include <stdio.h>
   26 | /* USER CODE END Includes */
../Core/Src/main.c:148:3: warning: incompatible implicit declaration of built-in function 'sprintf' [-Wbuiltin-declaration-mismatch]
  148 |   sprintf(buffer, "   Network name: %s \n", report.model_name);
      |   ^~~~~~~
../Core/Src/main.c:148:3: note: include '<stdio.h>' or provide a declaration of 'sprintf'
../Core/Src/main.c: In function 'pa3_ai_network_init':
../Core/Src/main.c:766:32: warning: missing braces around initializer [-Wmissing-braces]
  766 |     ai_network_params params = {
      |                                ^
../Core/Src/main.c:773:18: warning: unused variable 'err' [-Wunused-variable]
  773 |         ai_error err = ai_network_get_error(network);
      |                  ^~~
../Core/Src/main.c: In function 'pa3_ai_network_inference':
../Core/Src/main.c:831:18: warning: unused variable 'err' [-Wunused-variable]
  831 |         ai_error err = ai_network_get_error(network);
      |                  ^~~
../Core/Src/main.c: In function 'pa3_run_model_on_test_dataset':
../Core/Src/main.c:846:9: warning: incompatible implicit declaration of built-in function 'sprintf' [-Wbuiltin-declaration-mismatch]
  846 |         sprintf(buffer, "   MNIST test dataset size: %d \n", MNIST_TEST_SUBSET_SIZE);
      |         ^~~~~~~
../Core/Src/main.c:846:9: note: include '<stdio.h>' or provide a declaration of 'sprintf'
../Core/Src/main.c:864:26: warning: 'return' with a value, in function returning void [-Wreturn-type]
  864 |                   return -1;
      |                          ^
../Core/Src/main.c:841:6: note: declared here
  841 | void pa3_run_model_on_test_dataset(void){
      |      ^~~~~~~~~~~~~~~~~~~~~~~~~~~~~
../Core/Src/main.c:870:48: warning: format '%d' expects argument of type 'int', but argument 3 has type 'uint32_t' {aka 'long unsigned int'} [-Wformat=]
  870 |           sprintf(buffer, "   Inference time: %d \n", elapsed_time);
      |                                               ~^      ~~~~~~~~~~~~
      |                                                |      |
      |                                                int    uint32_t {aka long unsigned int}
      |                                               %ld
../Core/Src/main.c: In function 'UART_SendString':
../Core/Src/main.c:912:18: warning: implicit declaration of function 'strlen' [-Wimplicit-function-declaration]
  912 |     size_t len = strlen(str);
      |                  ^~~~~~
../Core/Src/main.c:26:1: note: include '<string.h>' or provide a declaration of 'strlen'
   25 | #include "mnist_test_subset-100b.h"
  +++ |+#include <string.h>
   26 | /* USER CODE END Includes */
../Core/Src/main.c:912:18: warning: incompatible implicit declaration of built-in function 'strlen' [-Wbuiltin-declaration-mismatch]
  912 |     size_t len = strlen(str);
      |                  ^~~~~~
../Core/Src/main.c:912:18: note: include '<string.h>' or provide a declaration of 'strlen'
../Core/Src/main.c: In function 'TIM2_Init_1us':
../Core/Src/main.c:934:51: error: 'APB1_PRESCALER' undeclared (first use in this function)
  934 |     uint32_t timer_clock = SystemCoreClock / 2 * (APB1_PRESCALER == 2 ? 2 : 1); // APB1 clock doubled due to prescaler
      |                                                   ^~~~~~~~~~~~~~
../Core/Src/main.c:934:51: note: each undeclared identifier is reported only once for each function it appears in
make: *** [Core/Src/subdir.mk:34: Core/Src/main.o] Error 1
"make -j9 all" terminated with exit code 2. Build might be incomplete.
18:58:59 **** Incremental Build of configuration Debug for project STM32F769I-DISCO ****
make -j9 all 
arm-none-eabi-gcc "../Core/Src/main.c" -mcpu=cortex-m7 -std=gnu11 -g3 -DDEBUG -DUSE_HAL_DRIVER -DSTM32F769xx -c -I../X-CUBE-AI/App -I../X-CUBE-AI -I../X-CUBE-AI/Target -I../Core/Inc -I../Middlewares/ST/AI/Inc -I../Drivers/STM32F7xx_HAL_Driver/Inc -I../Drivers/BSP/STM32F769I-Discovery -I../Drivers/STM32F7xx_HAL_Driver/Inc/Legacy -I../Drivers/CMSIS/Device/ST/STM32F7xx/Include -I../Drivers/CMSIS/Include -Os -ffunction-sections -fdata-sections -Wall -fstack-usage -fcyclomatic-complexity -MMD -MP -MF"Core/Src/main.d" -MT"Core/Src/main.o" --specs=nano.specs -mfpu=fpv5-d16 -mfloat-abi=hard -mthumb -o "Core/Src/main.o"
../Core/Src/main.c: In function 'main':
../Core/Src/main.c:148:3: warning: implicit declaration of function 'sprintf' [-Wimplicit-function-declaration]
  148 |   sprintf(buffer, "   Network name: %s \n", report.model_name);
      |   ^~~~~~~
../Core/Src/main.c:26:1: note: include '<stdio.h>' or provide a declaration of 'sprintf'
   25 | #include "mnist_test_subset-100b.h"
  +++ |+#include <stdio.h>
   26 | /* USER CODE END Includes */
../Core/Src/main.c:148:3: warning: incompatible implicit declaration of built-in function 'sprintf' [-Wbuiltin-declaration-mismatch]
  148 |   sprintf(buffer, "   Network name: %s \n", report.model_name);
      |   ^~~~~~~
../Core/Src/main.c:148:3: note: include '<stdio.h>' or provide a declaration of 'sprintf'
../Core/Src/main.c: In function 'pa3_ai_network_init':
../Core/Src/main.c:766:32: warning: missing braces around initializer [-Wmissing-braces]
  766 |     ai_network_params params = {
      |                                ^
../Core/Src/main.c:773:18: warning: unused variable 'err' [-Wunused-variable]
  773 |         ai_error err = ai_network_get_error(network);
      |                  ^~~
../Core/Src/main.c: In function 'pa3_ai_network_inference':
../Core/Src/main.c:831:18: warning: unused variable 'err' [-Wunused-variable]
  831 |         ai_error err = ai_network_get_error(network);
      |                  ^~~
../Core/Src/main.c: In function 'pa3_run_model_on_test_dataset':
../Core/Src/main.c:846:9: warning: incompatible implicit declaration of built-in function 'sprintf' [-Wbuiltin-declaration-mismatch]
  846 |         sprintf(buffer, "   MNIST test dataset size: %d \n", MNIST_TEST_SUBSET_SIZE);
      |         ^~~~~~~
../Core/Src/main.c:846:9: note: include '<stdio.h>' or provide a declaration of 'sprintf'
../Core/Src/main.c:864:26: warning: 'return' with a value, in function returning void [-Wreturn-type]
  864 |                   return -1;
      |                          ^
../Core/Src/main.c:841:6: note: declared here
  841 | void pa3_run_model_on_test_dataset(void){
      |      ^~~~~~~~~~~~~~~~~~~~~~~~~~~~~
../Core/Src/main.c:870:48: warning: format '%d' expects argument of type 'int', but argument 3 has type 'uint32_t' {aka 'long unsigned int'} [-Wformat=]
  870 |           sprintf(buffer, "   Inference time: %d \n", elapsed_time);
      |                                               ~^      ~~~~~~~~~~~~
      |                                                |      |
      |                                                int    uint32_t {aka long unsigned int}
      |                                               %ld
../Core/Src/main.c: In function 'UART_SendString':
../Core/Src/main.c:912:18: warning: implicit declaration of function 'strlen' [-Wimplicit-function-declaration]
  912 |     size_t len = strlen(str);
      |                  ^~~~~~
../Core/Src/main.c:26:1: note: include '<string.h>' or provide a declaration of 'strlen'
   25 | #include "mnist_test_subset-100b.h"
  +++ |+#include <string.h>
   26 | /* USER CODE END Includes */
../Core/Src/main.c:912:18: warning: incompatible implicit declaration of built-in function 'strlen' [-Wbuiltin-declaration-mismatch]
  912 |     size_t len = strlen(str);
      |                  ^~~~~~
../Core/Src/main.c:912:18: note: include '<string.h>' or provide a declaration of 'strlen'
arm-none-eabi-gcc -o "STM32F769I-DISCO.elf" @"objects.list"  -l:NetworkRuntime910_CM7_GCC.a -mcpu=cortex-m7 -T"/Users/patriciobulic/STM32CubeIDE/MNIST-784-128-64-10-H769I/STM32F769I-DISCO/STM32F769NIHX_FLASH.ld" --specs=nosys.specs -Wl,-Map="STM32F769I-DISCO.map" -Wl,--gc-sections -static -L../Middlewares/ST/AI/Lib -Wl,--wrap=malloc -Wl,--wrap=free -u _printf_float --specs=nano.specs -mfpu=fpv5-d16 -mfloat-abi=hard -mthumb -Wl,--start-group -lc -lm -Wl,--end-group
Finished building target: STM32F769I-DISCO.elf
 
arm-none-eabi-size  STM32F769I-DISCO.elf 
arm-none-eabi-objdump -h -S STM32F769I-DISCO.elf  > "STM32F769I-DISCO.list"
   text	   data	    bss	    dec	    hex	filename
 221708	   5812	   6168	 233688	  390d8	STM32F769I-DISCO.elf
Finished building: default.size.stdout
 
Finished building: STM32F769I-DISCO.list
 
19:05:32 **** Incremental Build of configuration Debug for project STM32F769I-DISCO ****
make -j9 all 
arm-none-eabi-gcc "../Core/Src/main.c" -mcpu=cortex-m7 -std=gnu11 -g3 -DDEBUG -DUSE_HAL_DRIVER -DSTM32F769xx -c -I../X-CUBE-AI/App -I../X-CUBE-AI -I../X-CUBE-AI/Target -I../Core/Inc -I../Middlewares/ST/AI/Inc -I../Drivers/STM32F7xx_HAL_Driver/Inc -I../Drivers/BSP/STM32F769I-Discovery -I../Drivers/STM32F7xx_HAL_Driver/Inc/Legacy -I../Drivers/CMSIS/Device/ST/STM32F7xx/Include -I../Drivers/CMSIS/Include -Os -ffunction-sections -fdata-sections -Wall -fstack-usage -fcyclomatic-complexity -MMD -MP -MF"Core/Src/main.d" -MT"Core/Src/main.o" --specs=nano.specs -mfpu=fpv5-d16 -mfloat-abi=hard -mthumb -o "Core/Src/main.o"
../Core/Src/main.c: In function 'main':
../Core/Src/main.c:148:3: warning: implicit declaration of function 'sprintf' [-Wimplicit-function-declaration]
  148 |   sprintf(buffer, "   Network name: %s \n", report.model_name);
      |   ^~~~~~~
../Core/Src/main.c:26:1: note: include '<stdio.h>' or provide a declaration of 'sprintf'
   25 | #include "mnist_test_subset-100b.h"
  +++ |+#include <stdio.h>
   26 | /* USER CODE END Includes */
../Core/Src/main.c:148:3: warning: incompatible implicit declaration of built-in function 'sprintf' [-Wbuiltin-declaration-mismatch]
  148 |   sprintf(buffer, "   Network name: %s \n", report.model_name);
      |   ^~~~~~~
../Core/Src/main.c:148:3: note: include '<stdio.h>' or provide a declaration of 'sprintf'
../Core/Src/main.c: In function 'pa3_ai_network_init':
../Core/Src/main.c:766:32: warning: missing braces around initializer [-Wmissing-braces]
  766 |     ai_network_params params = {
      |                                ^
../Core/Src/main.c:773:18: warning: unused variable 'err' [-Wunused-variable]
  773 |         ai_error err = ai_network_get_error(network);
      |                  ^~~
../Core/Src/main.c: In function 'pa3_ai_network_inference':
../Core/Src/main.c:831:18: warning: unused variable 'err' [-Wunused-variable]
  831 |         ai_error err = ai_network_get_error(network);
      |                  ^~~
../Core/Src/main.c: In function 'pa3_run_model_on_test_dataset':
../Core/Src/main.c:846:9: warning: incompatible implicit declaration of built-in function 'sprintf' [-Wbuiltin-declaration-mismatch]
  846 |         sprintf(buffer, "   MNIST test dataset size: %d \n", MNIST_TEST_SUBSET_SIZE);
      |         ^~~~~~~
../Core/Src/main.c:846:9: note: include '<stdio.h>' or provide a declaration of 'sprintf'
../Core/Src/main.c:864:26: warning: 'return' with a value, in function returning void [-Wreturn-type]
  864 |                   return -1;
      |                          ^
../Core/Src/main.c:841:6: note: declared here
  841 | void pa3_run_model_on_test_dataset(void){
      |      ^~~~~~~~~~~~~~~~~~~~~~~~~~~~~
../Core/Src/main.c:870:48: warning: format '%d' expects argument of type 'int', but argument 3 has type 'uint32_t' {aka 'long unsigned int'} [-Wformat=]
  870 |           sprintf(buffer, "   Inference time: %d \n", elapsed_time);
      |                                               ~^      ~~~~~~~~~~~~
      |                                                |      |
      |                                                int    uint32_t {aka long unsigned int}
      |                                               %ld
../Core/Src/main.c: In function 'UART_SendString':
../Core/Src/main.c:912:18: warning: implicit declaration of function 'strlen' [-Wimplicit-function-declaration]
  912 |     size_t len = strlen(str);
      |                  ^~~~~~
../Core/Src/main.c:26:1: note: include '<string.h>' or provide a declaration of 'strlen'
   25 | #include "mnist_test_subset-100b.h"
  +++ |+#include <string.h>
   26 | /* USER CODE END Includes */
../Core/Src/main.c:912:18: warning: incompatible implicit declaration of built-in function 'strlen' [-Wbuiltin-declaration-mismatch]
  912 |     size_t len = strlen(str);
      |                  ^~~~~~
../Core/Src/main.c:912:18: note: include '<string.h>' or provide a declaration of 'strlen'
arm-none-eabi-gcc -o "STM32F769I-DISCO.elf" @"objects.list"  -l:NetworkRuntime910_CM7_GCC.a -mcpu=cortex-m7 -T"/Users/patriciobulic/STM32CubeIDE/MNIST-784-128-64-10-H769I/STM32F769I-DISCO/STM32F769NIHX_FLASH.ld" --specs=nosys.specs -Wl,-Map="STM32F769I-DISCO.map" -Wl,--gc-sections -static -L../Middlewares/ST/AI/Lib -Wl,--wrap=malloc -Wl,--wrap=free -u _printf_float --specs=nano.specs -mfpu=fpv5-d16 -mfloat-abi=hard -mthumb -Wl,--start-group -lc -lm -Wl,--end-group
Finished building target: STM32F769I-DISCO.elf
 
arm-none-eabi-size  STM32F769I-DISCO.elf 
arm-none-eabi-objdump -h -S STM32F769I-DISCO.elf  > "STM32F769I-DISCO.list"
   text	   data	    bss	    dec	    hex	filename
 221708	   5812	   6168	 233688	  390d8	STM32F769I-DISCO.elf
Finished building: default.size.stdout
 
Finished building: STM32F769I-DISCO.list
 
19:06:34 **** Incremental Build of configuration Debug for project STM32F769I-DISCO ****
make -j9 all 
arm-none-eabi-size  STM32F769I-DISCO.elf 
   text	   data	    bss	    dec	    hex	filename
 221708	   5812	   6168	 233688	  390d8	STM32F769I-DISCO.elf
Finished building: default.size.stdout
 
